Using pre-set license
Built from '2021.1/release' branch; Version is '2021.1.0f1 (61a549675243) revision 6399305'; Using compiler version '192528614'; Build Type 'Release'
OS: 'Windows 10 Home; OS build 19041.867; Version 2004; 64bit' Language: 'en' Physical Memory: 16310 MB
BatchMode: 1, IsHumanControllingUs: 0, StartBugReporterOnCrash: 0, Is64bit: 1, IsPro: 0

 COMMAND LINE ARGUMENTS:
C:\Program Files\Unity\Hub\Editor\2021.1.0f1\Editor\Unity.exe
-adb2
-batchMode
-noUpm
-name
AssetImportWorker0
-projectPath
C:/Users/Stephen/Desktop/Game Project/CIS-410/Assignment 2
-logFile
Logs/AssetImportWorker0.log
-srvPort
51562
Successfully changed project path to: C:/Users/Stephen/Desktop/Game Project/CIS-410/Assignment 2
C:/Users/Stephen/Desktop/Game Project/CIS-410/Assignment 2
Using Asset Import Pipeline V2.
Refreshing native plugins compatible for Editor in 119.84 ms, found 1 plugins.
Preloading 0 native plugins for Editor in 0.00 ms.
Initialize engine version: 2021.1.0f1 (61a549675243)
[Subsystems] Discovering subsystems at path C:/Program Files/Unity/Hub/Editor/2021.1.0f1/Editor/Data/Resources/UnitySubsystems
[Subsystems] Discovering subsystems at path C:/Users/Stephen/Desktop/Game Project/CIS-410/Assignment 2/Assets
GfxDevice: creating device client; threaded=0; jobified=0
Direct3D:
    Version:  Direct3D 11.0 [level 11.1]
    Renderer: Radeon RX 580 Series (ID=0x67df)
    Vendor:   ATI
    VRAM:     8171 MB
    Driver:   27.20.15003.1004
Initialize mono
Mono path[0] = 'C:/Program Files/Unity/Hub/Editor/2021.1.0f1/Editor/Data/Managed'
Mono path[1] = 'C:/Program Files/Unity/Hub/Editor/2021.1.0f1/Editor/Data/MonoBleedingEdge/lib/mono/unityjit'
Mono config path = 'C:/Program Files/Unity/Hub/Editor/2021.1.0f1/Editor/Data/MonoBleedingEdge/etc'
Using monoOptions --debugger-agent=transport=dt_socket,embedding=1,server=y,suspend=n,address=127.0.0.1:56100
Begin MonoManager ReloadAssembly
Registering precompiled unity dll's ...
Register platform support module: C:/Program Files/Unity/Hub/Editor/2021.1.0f1/Editor/Data/PlaybackEngines/WebGLSupport/UnityEditor.WebGL.Extensions.dll
Register platform support module: C:/Program Files/Unity/Hub/Editor/2021.1.0f1/Editor/Data/PlaybackEngines/WindowsStandaloneSupport/UnityEditor.WindowsStandalone.Extensions.dll
Register platform support module: C:/Program Files/Unity/Hub/Editor/2021.1.0f1/Editor/Data/PlaybackEngines/LinuxStandaloneSupport/UnityEditor.LinuxStandalone.Extensions.dll
Registered in 0.003212 seconds.
Native extension for LinuxStandalone target not found
Native extension for WindowsStandalone target not found
Native extension for WebGL target not found
Refreshing native plugins compatible for Editor in 170.88 ms, found 1 plugins.
Preloading 0 native plugins for Editor in 0.00 ms.
Mono: successfully reloaded assembly
- Completed reload, in  1.520 seconds
Platform modules already initialized, skipping
Registering precompiled user dll's ...
Registered in 0.005339 seconds.
Begin MonoManager ReloadAssembly
Native extension for LinuxStandalone target not found
Native extension for WindowsStandalone target not found
Native extension for WebGL target not found
Refreshing native plugins compatible for Editor in 0.86 ms, found 1 plugins.
Preloading 0 native plugins for Editor in 0.00 ms.
Mono: successfully reloaded assembly
- Completed reload, in  0.990 seconds
Platform modules already initialized, skipping
========================================================================
Worker process is ready to serve import requests
Launched and connected shader compiler UnityShaderCompiler.exe after 0.05 seconds
Refreshing native plugins compatible for Editor in 0.82 ms, found 1 plugins.
Preloading 0 native plugins for Editor in 0.00 ms.
Unloading 3470 Unused Serialized files (Serialized files now loaded: 0)
System memory in use before: 201.2 MB.
System memory in use after: 201.4 MB.

Unloading 48 unused Assets to reduce memory usage. Loaded Objects now: 3905.
Total: 6.198100 ms (FindLiveObjects: 0.338700 ms CreateObjectMapping: 0.104500 ms MarkObjects: 5.659900 ms  DeleteObjects: 0.094000 ms)

========================================================================
Received Import Request.
  path: Assets/Readme.asset
  artifactKey: Guid(5aa8565dc31eb3f4a97f05eb11fe8445) Importer(815301076,1909f56bfc062723c751e8b465ee728b)
Start importing Assets/Readme.asset using Guid(5aa8565dc31eb3f4a97f05eb11fe8445) Importer(815301076,1909f56bfc062723c751e8b465ee728b)  -> (artifact id: 'd9c9f7327b1d7686094d2744ee6019e8') in 0.046030 seconds 
========================================================================
Received Import Request.
  Time since last request: 28.996823 seconds.
  path: Assets/Particles
  artifactKey: Guid(5cdb6cb5068f1104d93ba25f5ef33aa9) Importer(815301076,1909f56bfc062723c751e8b465ee728b)
Start importing Assets/Particles using Guid(5cdb6cb5068f1104d93ba25f5ef33aa9) Importer(815301076,1909f56bfc062723c751e8b465ee728b)  -> (artifact id: '4427ed28977755e2cdc463c781899919') in 0.001714 seconds 
========================================================================
Received Import Request.
  Time since last request: 0.071111 seconds.
  path: Assets/Particles/GlowingParticleMaterial.mat
  artifactKey: Guid(3e74d4b4dca0ea0478ac25618c9b41d4) Importer(815301076,1909f56bfc062723c751e8b465ee728b)
Start importing Assets/Particles/GlowingParticleMaterial.mat using Guid(3e74d4b4dca0ea0478ac25618c9b41d4) Importer(815301076,1909f56bfc062723c751e8b465ee728b)  -> (artifact id: '75bca553b9b952dc60a6913a7b70eb33') in 0.066781 seconds 
========================================================================
Received Prepare
Registering precompiled user dll's ...
Registered in 0.004923 seconds.
Begin MonoManager ReloadAssembly
Native extension for LinuxStandalone target not found
Native extension for WindowsStandalone target not found
Native extension for WebGL target not found
Refreshing native plugins compatible for Editor in 0.90 ms, found 1 plugins.
Preloading 0 native plugins for Editor in 0.00 ms.
Mono: successfully reloaded assembly
- Completed reload, in  0.924 seconds
Platform modules already initialized, skipping
Refreshing native plugins compatible for Editor in 0.86 ms, found 1 plugins.
Preloading 0 native plugins for Editor in 0.00 ms.
Unloading 3432 Unused Serialized files (Serialized files now loaded: 0)
System memory in use before: 202.5 MB.
System memory in use after: 202.7 MB.

Unloading 39 unused Assets to reduce memory usage. Loaded Objects now: 3948.
Total: 5.321600 ms (FindLiveObjects: 0.285000 ms CreateObjectMapping: 0.102900 ms MarkObjects: 4.913700 ms  DeleteObjects: 0.019000 ms)

========================================================================
Received Import Request.
  Time since last request: 289.002923 seconds.
  path: Assets/Textures/VFX/CandleFlame.tif
  artifactKey: Guid(e966fe96fc4c60f4fa9eff9e6d32ba67) Importer(815301076,1909f56bfc062723c751e8b465ee728b)
Start importing Assets/Textures/VFX/CandleFlame.tif using Guid(e966fe96fc4c60f4fa9eff9e6d32ba67) Importer(815301076,1909f56bfc062723c751e8b465ee728b)  -> (artifact id: '91704134c29256ca5f1302b6bc986c4e') in 0.046457 seconds 
========================================================================
Received Import Request.
  Time since last request: 0.000247 seconds.
  path: Assets/Textures/VFX/SplatNormal.tif
  artifactKey: Guid(0660389cc5a6f4947997407fb6945fa1) Importer(815301076,1909f56bfc062723c751e8b465ee728b)
Start importing Assets/Textures/VFX/SplatNormal.tif using Guid(0660389cc5a6f4947997407fb6945fa1) Importer(815301076,1909f56bfc062723c751e8b465ee728b)  -> (artifact id: 'e65df0c0d3a664c14b0ac31aeecd5bd1') in 0.010503 seconds 
========================================================================
Received Import Request.
  Time since last request: 0.000240 seconds.
  path: Assets/Textures/VFX/DustMote.png
  artifactKey: Guid(394e93ce356b57344903a08ff72fcab2) Importer(815301076,1909f56bfc062723c751e8b465ee728b)
Start importing Assets/Textures/VFX/DustMote.png using Guid(394e93ce356b57344903a08ff72fcab2) Importer(815301076,1909f56bfc062723c751e8b465ee728b)  -> (artifact id: '85b1f90ee81fc0e045280337da87acb9') in 0.074371 seconds 
========================================================================
Received Import Request.
  Time since last request: 0.000218 seconds.
  path: Assets/Textures/VFX/ToonRampTint3.png
  artifactKey: Guid(168056ae1bacc2f4bb7ae2884953be86) Importer(815301076,1909f56bfc062723c751e8b465ee728b)
Start importing Assets/Textures/VFX/ToonRampTint3.png using Guid(168056ae1bacc2f4bb7ae2884953be86) Importer(815301076,1909f56bfc062723c751e8b465ee728b)  -> (artifact id: '369107126bbe1b2ab92086139f2fc2b6') in 0.007702 seconds 
========================================================================
Received Import Request.
  Time since last request: 0.000249 seconds.
  path: Assets/Textures/VFX/wispySmoke.tif
  artifactKey: Guid(b96c69e599825d84e985962673d1679c) Importer(815301076,1909f56bfc062723c751e8b465ee728b)
Start importing Assets/Textures/VFX/wispySmoke.tif using Guid(b96c69e599825d84e985962673d1679c) Importer(815301076,1909f56bfc062723c751e8b465ee728b)  -> (artifact id: 'ca55d73d72d6c0023ab97f7079933480') in 0.006721 seconds 
========================================================================
Received Import Request.
  Time since last request: 0.000250 seconds.
  path: Assets/Textures/VFX/test light.tif
  artifactKey: Guid(a883414da9be470488ae90f8b6e24623) Importer(815301076,1909f56bfc062723c751e8b465ee728b)
Start importing Assets/Textures/VFX/test light.tif using Guid(a883414da9be470488ae90f8b6e24623) Importer(815301076,1909f56bfc062723c751e8b465ee728b)  -> (artifact id: '36ba39cf378f1a17cf968cc7decd7c40') in 0.008095 seconds 
========================================================================
Received Import Request.
  Time since last request: 0.000263 seconds.
  path: Assets/Textures/VFX/Splash04Normal.tif
  artifactKey: Guid(73e81e5a6e5b6874582e6c6d405d7491) Importer(815301076,1909f56bfc062723c751e8b465ee728b)
Start importing Assets/Textures/VFX/Splash04Normal.tif using Guid(73e81e5a6e5b6874582e6c6d405d7491) Importer(815301076,1909f56bfc062723c751e8b465ee728b)  -> (artifact id: '3a667ca87f16ab705f9ec6076c937662') in 0.007100 seconds 
========================================================================
Received Import Request.
  Time since last request: 0.000230 seconds.
  path: Assets/Textures/VFX/ToonRampTint.png
  artifactKey: Guid(81629b706369fc1429f23a6399cdef01) Importer(815301076,1909f56bfc062723c751e8b465ee728b)
Start importing Assets/Textures/VFX/ToonRampTint.png using Guid(81629b706369fc1429f23a6399cdef01) Importer(815301076,1909f56bfc062723c751e8b465ee728b)  -> (artifact id: '7220b3a5d347e5186bb5ee565abbe16b') in 0.007471 seconds 
========================================================================
Received Import Request.
  Time since last request: 0.000212 seconds.
  path: Assets/Textures/VFX/SphereAlbedo.tif
  artifactKey: Guid(feebd9fe3a61f384286140f9201d038d) Importer(815301076,1909f56bfc062723c751e8b465ee728b)
Start importing Assets/Textures/VFX/SphereAlbedo.tif using Guid(feebd9fe3a61f384286140f9201d038d) Importer(815301076,1909f56bfc062723c751e8b465ee728b)  -> (artifact id: 'ed059cdb18b76b9a90d6c00a58cfd586') in 0.006647 seconds 
========================================================================
Received Import Request.
  Time since last request: 0.000220 seconds.
  path: Assets/Textures/VFX/ToonRampTint4.png
  artifactKey: Guid(faa6985ef413994478c9d37d68e21fe9) Importer(815301076,1909f56bfc062723c751e8b465ee728b)
Start importing Assets/Textures/VFX/ToonRampTint4.png using Guid(faa6985ef413994478c9d37d68e21fe9) Importer(815301076,1909f56bfc062723c751e8b465ee728b)  -> (artifact id: '33f8f5b85ab445fc34e21546426f9d54') in 0.005189 seconds 
========================================================================
Received Import Request.
  Time since last request: 0.000223 seconds.
  path: Assets/Textures/VFX/ToonRampTint2.png
  artifactKey: Guid(b2b6e5a6dd88f2b448687da6bfaab0ea) Importer(815301076,1909f56bfc062723c751e8b465ee728b)
Start importing Assets/Textures/VFX/ToonRampTint2.png using Guid(b2b6e5a6dd88f2b448687da6bfaab0ea) Importer(815301076,1909f56bfc062723c751e8b465ee728b)  -> (artifact id: 'b015d688cc057f13d51146b68597071f') in 0.005248 seconds 
========================================================================
Received Import Request.
  Time since last request: 0.000209 seconds.
  path: Assets/Textures/VFX/perlinNoise.png
  artifactKey: Guid(1ea576fbbfaeef64ca6136d38ccca74e) Importer(815301076,1909f56bfc062723c751e8b465ee728b)
Start importing Assets/Textures/VFX/perlinNoise.png using Guid(1ea576fbbfaeef64ca6136d38ccca74e) Importer(815301076,1909f56bfc062723c751e8b465ee728b)  -> (artifact id: '3d5f7f53315d4d7f84c0d0fc202a850b') in 0.006790 seconds 
========================================================================
Received Import Request.
  Time since last request: 0.000185 seconds.
  path: Assets/Textures/VFX/Splash04Albedo.tif
  artifactKey: Guid(0153ce75dcbf4624d93f11ff5b9882bd) Importer(815301076,1909f56bfc062723c751e8b465ee728b)
Start importing Assets/Textures/VFX/Splash04Albedo.tif using Guid(0153ce75dcbf4624d93f11ff5b9882bd) Importer(815301076,1909f56bfc062723c751e8b465ee728b)  -> (artifact id: '4295dd6be434bed9aa4ff9917013c1e5') in 0.007348 seconds 
========================================================================
Received Prepare
Registering precompiled user dll's ...
Registered in 0.005398 seconds.
Begin MonoManager ReloadAssembly
Native extension for LinuxStandalone target not found
Native extension for WindowsStandalone target not found
Native extension for WebGL target not found
Refreshing native plugins compatible for Editor in 0.97 ms, found 1 plugins.
Preloading 0 native plugins for Editor in 0.00 ms.
Mono: successfully reloaded assembly
- Completed reload, in  1.004 seconds
Platform modules already initialized, skipping
Refreshing native plugins compatible for Editor in 0.95 ms, found 1 plugins.
Preloading 0 native plugins for Editor in 0.00 ms.
Unloading 3445 Unused Serialized files (Serialized files now loaded: 0)
System memory in use before: 212.8 MB.
System memory in use after: 213.0 MB.

Unloading 39 unused Assets to reduce memory usage. Loaded Objects now: 4153.
Total: 6.640700 ms (FindLiveObjects: 0.432300 ms CreateObjectMapping: 0.105700 ms MarkObjects: 6.072800 ms  DeleteObjects: 0.028400 ms)

========================================================================
Received Prepare
Registering precompiled user dll's ...
Registered in 0.004622 seconds.
Begin MonoManager ReloadAssembly
Native extension for LinuxStandalone target not found
Native extension for WindowsStandalone target not found
Native extension for WebGL target not found
Refreshing native plugins compatible for Editor in 0.88 ms, found 1 plugins.
Preloading 0 native plugins for Editor in 0.00 ms.
Mono: successfully reloaded assembly
- Completed reload, in  0.981 seconds
Platform modules already initialized, skipping
Refreshing native plugins compatible for Editor in 0.87 ms, found 1 plugins.
Preloading 0 native plugins for Editor in 0.00 ms.
Unloading 3432 Unused Serialized files (Serialized files now loaded: 0)
System memory in use before: 212.4 MB.
System memory in use after: 212.6 MB.

Unloading 39 unused Assets to reduce memory usage. Loaded Objects now: 4156.
Total: 5.781900 ms (FindLiveObjects: 0.360000 ms CreateObjectMapping: 0.103500 ms MarkObjects: 5.290600 ms  DeleteObjects: 0.026400 ms)

========================================================================
Received Prepare
Registering precompiled user dll's ...
Registered in 0.004556 seconds.
Begin MonoManager ReloadAssembly
Native extension for LinuxStandalone target not found
Native extension for WindowsStandalone target not found
Native extension for WebGL target not found
Refreshing native plugins compatible for Editor in 0.92 ms, found 1 plugins.
Preloading 0 native plugins for Editor in 0.00 ms.
Mono: successfully reloaded assembly
- Completed reload, in  0.955 seconds
Platform modules already initialized, skipping
Refreshing native plugins compatible for Editor in 0.87 ms, found 1 plugins.
Preloading 0 native plugins for Editor in 0.00 ms.
Unloading 3432 Unused Serialized files (Serialized files now loaded: 0)
System memory in use before: 212.4 MB.
System memory in use after: 212.6 MB.

Unloading 39 unused Assets to reduce memory usage. Loaded Objects now: 4159.
Total: 5.411500 ms (FindLiveObjects: 0.359000 ms CreateObjectMapping: 0.121300 ms MarkObjects: 4.903100 ms  DeleteObjects: 0.027100 ms)

========================================================================
Received Import Request.
  Time since last request: 393.534485 seconds.
  path: Assets/Particles/GlowingParticleMaterial.mat
  artifactKey: Guid(3e74d4b4dca0ea0478ac25618c9b41d4) Importer(815301076,1909f56bfc062723c751e8b465ee728b)
Start importing Assets/Particles/GlowingParticleMaterial.mat using Guid(3e74d4b4dca0ea0478ac25618c9b41d4) Importer(815301076,1909f56bfc062723c751e8b465ee728b)  -> (artifact id: '5ba3763764efeaf19f42ebfd36192e5e') in 0.041345 seconds 
AssetImportWorkerClient::OnTransportError - code=2 error=End of file
